<?xml version="1.0" encoding="UTF-8"?>
<!-- Generated by org.testng.reporters.JUnitXMLReporter -->
<testsuite ignored="0" hostname="DESKTOP-I1I4LVM" failures="0" tests="3" name="Default test" time="0.042" errors="0" timestamp="2023-11-30T22:09:09 IST">
  <testcase classname="test3.dataprovider" name="test1" time="0.004"/>
  <testcase classname="test3.dataprovider" name="test1" time="0.001"/>
  <testcase classname="test3.dataprovider" name="test1" time="0.0"/>
</testsuite> <!-- Default test -->
