<?xml version="1.0" encoding="UTF-8"?>
<!-- Generated by org.testng.reporters.JUnitXMLReporter -->
<testsuite ignored="1" hostname="DESKTOP-I1I4LVM" failures="1" tests="3" name="Error Validations" time="6.354" errors="0" timestamp="2023-12-07T16:01:54 IST">
  <testcase classname="Tests.ErrorValidations" name="submitOrder" time="0.438">
    <skipped/>
  </testcase> <!-- submitOrder -->
  <testcase classname="Tests.ErrorValidations" name="submitOrder" time="0.428">
    <skipped/>
  </testcase> <!-- submitOrder -->
  <testcase classname="Tests.ErrorValidations" name="submitOrder" time="0.43">
    <failure type="java.lang.AssertionError" message="expected [Incorrect email or password] but found [Incorrect email or password.]">
      <![CDATA[java.lang.AssertionError: expected [Incorrect email or password] but found [Incorrect email or password.]
at Tests.ErrorValidations.submitOrder(ErrorValidations.java:27)
at java.base/java.util.ArrayList.forEach(ArrayList.java:1511)
... Removed 33 stack frames]]>
    </failure>
  </testcase> <!-- submitOrder -->
  <testcase classname="Tests.ErrorValidations" name="ProductErrorValidation" time="0.0">
    <ignored/>
  </testcase> <!-- ProductErrorValidation -->
</testsuite> <!-- Error Validations -->
