<?xml version="1.0" encoding="UTF-8"?>
<!-- Generated by org.testng.reporters.JUnitXMLReporter -->
<testsuite ignored="2" hostname="DESKTOP-I1I4LVM" failures="0" tests="0" time="0.007" errors="0" timestamp="2023-12-07T16:01:47 IST">
  <testcase classname="Tests.SubmitOrderPage" name="submitOrder" time="0.0">
    <ignored/>
  </testcase> <!-- submitOrder -->
  <testcase classname="Tests.SubmitOrderPage" name="OrderHistoryTest" time="0.0">
    <ignored/>
  </testcase> <!-- OrderHistoryTest -->
</testsuite>
