<?xml version="1.0" encoding="UTF-8"?>
<!-- Generated by org.testng.reporters.JUnitXMLReporter -->
<testsuite ignored="1" hostname="DESKTOP-I1I4LVM" failures="0" tests="2" name="Car Loan" time="0.004" errors="0" timestamp="2023-11-30T14:52:10 IST">
  <testcase classname="test.loan" name="test1" time="0.0"/>
  <testcase classname="test.loan" name="test2" time="0.001"/>
  <testcase classname="test.loan" name="test3" time="0.0">
    <ignored/>
  </testcase> <!-- test3 -->
</testsuite> <!-- Car Loan -->
