<?xml version="1.0" encoding="UTF-8"?>
<!-- Generated by org.testng.reporters.JUnitXMLReporter -->
<testsuite ignored="2" hostname="DESKTOP-I1I4LVM" failures="0" tests="1" name="Test3" time="0.003" errors="0" timestamp="2023-11-30T19:06:12 IST">
  <testcase classname="test.car" name="car1" time="0.001"/>
  <testcase classname="test.car" name="car3" time="0.0">
    <ignored/>
  </testcase> <!-- car3 -->
  <testcase classname="test.car" name="car2" time="0.0">
    <ignored/>
  </testcase> <!-- car2 -->
</testsuite> <!-- Test3 -->
