<?xml version="1.0" encoding="UTF-8"?>
<testng-results ignored="0" total="1" passed="1" failed="0" skipped="0">
  <reporter-output>
  </reporter-output>
  <suite started-at="2023-12-04T10:46:37 IST" name="Default suite" finished-at="2023-12-04T10:46:37 IST" duration-ms="32">
    <groups>
    </groups>
    <test started-at="2023-12-04T10:46:37 IST" name="Default test" finished-at="2023-12-04T10:46:37 IST" duration-ms="32">
      <class name="New_Package.Child_Class2">
        <test-method is-config="true" signature="beforeTest()[pri:0, instance:New_Package.Child_Class2@63a12c68]" started-at="2023-12-04T10:46:37 IST" name="beforeTest" finished-at="2023-12-04T10:46:37 IST" duration-ms="5" status="PASS">
          <reporter-output>
          </reporter-output>
        </test-method> <!-- beforeTest -->
        <test-method signature="print_result()[pri:0, instance:New_Package.Child_Class2@63a12c68]" started-at="2023-12-04T10:46:37 IST" name="print_result" finished-at="2023-12-04T10:46:37 IST" duration-ms="4" status="PASS">
          <reporter-output>
          </reporter-output>
        </test-method> <!-- print_result -->
        <test-method is-config="true" signature="afterTest()[pri:0, instance:New_Package.Child_Class2@63a12c68]" started-at="2023-12-04T10:46:37 IST" name="afterTest" finished-at="2023-12-04T10:46:37 IST" duration-ms="0" status="PASS">
          <reporter-output>
          </reporter-output>
        </test-method> <!-- afterTest -->
      </class> <!-- New_Package.Child_Class2 -->
    </test> <!-- Default test -->
  </suite> <!-- Default suite -->
</testng-results>
